2016-04-20 09:37:59 Warning: DebugKit not enabled. You need to either install pdo_sqlite, or define the "debug_kit" connection name.
2016-04-20 09:37:59 Error: [RuntimeException] Table "App\Model\Table\ArticlesTable" is not associated with "Categories"
Request URL: /blog/articles/add
Referer URL: http://localhost/blog/articles
Stack Trace:
#0 /var/www/html/blog/src/Controller/ArticlesController.php(65): Cake\ORM\Table->__get('Categories')
#1 [internal function]: App\Controller\ArticlesController->add()
#2 /var/www/html/blog/vendor/cakephp/cakephp/src/Controller/Controller.php(429): call_user_func_array(Array, Array)
#3 /var/www/html/blog/vendor/cakephp/cakephp/src/Routing/Dispatcher.php(114): Cake\Controller\Controller->invokeAction()
#4 /var/www/html/blog/vendor/cakephp/cakephp/src/Routing/Dispatcher.php(87): Cake\Routing\Dispatcher->_invoke(Object(App\Controller\ArticlesController))
#5 /var/www/html/blog/webroot/index.php(37): Cake\Routing\Dispatcher->dispatch(Object(Cake\Network\Request), Object(Cake\Network\Response))
#6 {main}


2016-04-20 09:46:26 Warning: DebugKit not enabled. You need to either install pdo_sqlite, or define the "debug_kit" connection name.
2016-04-20 09:46:27 Error: [RuntimeException] Table "App\Model\Table\ArticlesTable" is not associated with "Categories"
Request URL: /blog/articles/add
Referer URL: http://localhost/blog/articles
Stack Trace:
#0 /var/www/html/blog/src/Controller/ArticlesController.php(65): Cake\ORM\Table->__get('Categories')
#1 [internal function]: App\Controller\ArticlesController->add()
#2 /var/www/html/blog/vendor/cakephp/cakephp/src/Controller/Controller.php(429): call_user_func_array(Array, Array)
#3 /var/www/html/blog/vendor/cakephp/cakephp/src/Routing/Dispatcher.php(114): Cake\Controller\Controller->invokeAction()
#4 /var/www/html/blog/vendor/cakephp/cakephp/src/Routing/Dispatcher.php(87): Cake\Routing\Dispatcher->_invoke(Object(App\Controller\ArticlesController))
#5 /var/www/html/blog/webroot/index.php(37): Cake\Routing\Dispatcher->dispatch(Object(Cake\Network\Request), Object(Cake\Network\Response))
#6 {main}


2016-04-20 09:46:27 Warning: DebugKit not enabled. You need to either install pdo_sqlite, or define the "debug_kit" connection name.
2016-04-20 09:46:27 Error: [RuntimeException] Table "App\Model\Table\ArticlesTable" is not associated with "Categories"
Request URL: /blog/articles/add
Referer URL: http://localhost/blog/articles
Stack Trace:
#0 /var/www/html/blog/src/Controller/ArticlesController.php(65): Cake\ORM\Table->__get('Categories')
#1 [internal function]: App\Controller\ArticlesController->add()
#2 /var/www/html/blog/vendor/cakephp/cakephp/src/Controller/Controller.php(429): call_user_func_array(Array, Array)
#3 /var/www/html/blog/vendor/cakephp/cakephp/src/Routing/Dispatcher.php(114): Cake\Controller\Controller->invokeAction()
#4 /var/www/html/blog/vendor/cakephp/cakephp/src/Routing/Dispatcher.php(87): Cake\Routing\Dispatcher->_invoke(Object(App\Controller\ArticlesController))
#5 /var/www/html/blog/webroot/index.php(37): Cake\Routing\Dispatcher->dispatch(Object(Cake\Network\Request), Object(Cake\Network\Response))
#6 {main}


2016-04-20 09:46:27 Warning: DebugKit not enabled. You need to either install pdo_sqlite, or define the "debug_kit" connection name.
2016-04-20 09:46:27 Error: [RuntimeException] Table "App\Model\Table\ArticlesTable" is not associated with "Categories"
Request URL: /blog/articles/add
Referer URL: http://localhost/blog/articles
Stack Trace:
#0 /var/www/html/blog/src/Controller/ArticlesController.php(65): Cake\ORM\Table->__get('Categories')
#1 [internal function]: App\Controller\ArticlesController->add()
#2 /var/www/html/blog/vendor/cakephp/cakephp/src/Controller/Controller.php(429): call_user_func_array(Array, Array)
#3 /var/www/html/blog/vendor/cakephp/cakephp/src/Routing/Dispatcher.php(114): Cake\Controller\Controller->invokeAction()
#4 /var/www/html/blog/vendor/cakephp/cakephp/src/Routing/Dispatcher.php(87): Cake\Routing\Dispatcher->_invoke(Object(App\Controller\ArticlesController))
#5 /var/www/html/blog/webroot/index.php(37): Cake\Routing\Dispatcher->dispatch(Object(Cake\Network\Request), Object(Cake\Network\Response))
#6 {main}


2016-04-20 09:46:27 Warning: DebugKit not enabled. You need to either install pdo_sqlite, or define the "debug_kit" connection name.
2016-04-20 09:46:27 Error: [RuntimeException] Table "App\Model\Table\ArticlesTable" is not associated with "Categories"
Request URL: /blog/articles/add
Referer URL: http://localhost/blog/articles
Stack Trace:
#0 /var/www/html/blog/src/Controller/ArticlesController.php(65): Cake\ORM\Table->__get('Categories')
#1 [internal function]: App\Controller\ArticlesController->add()
#2 /var/www/html/blog/vendor/cakephp/cakephp/src/Controller/Controller.php(429): call_user_func_array(Array, Array)
#3 /var/www/html/blog/vendor/cakephp/cakephp/src/Routing/Dispatcher.php(114): Cake\Controller\Controller->invokeAction()
#4 /var/www/html/blog/vendor/cakephp/cakephp/src/Routing/Dispatcher.php(87): Cake\Routing\Dispatcher->_invoke(Object(App\Controller\ArticlesController))
#5 /var/www/html/blog/webroot/index.php(37): Cake\Routing\Dispatcher->dispatch(Object(Cake\Network\Request), Object(Cake\Network\Response))
#6 {main}


2016-04-20 09:46:27 Warning: DebugKit not enabled. You need to either install pdo_sqlite, or define the "debug_kit" connection name.
2016-04-20 09:46:27 Error: [RuntimeException] Table "App\Model\Table\ArticlesTable" is not associated with "Categories"
Request URL: /blog/articles/add
Referer URL: http://localhost/blog/articles
Stack Trace:
#0 /var/www/html/blog/src/Controller/ArticlesController.php(65): Cake\ORM\Table->__get('Categories')
#1 [internal function]: App\Controller\ArticlesController->add()
#2 /var/www/html/blog/vendor/cakephp/cakephp/src/Controller/Controller.php(429): call_user_func_array(Array, Array)
#3 /var/www/html/blog/vendor/cakephp/cakephp/src/Routing/Dispatcher.php(114): Cake\Controller\Controller->invokeAction()
#4 /var/www/html/blog/vendor/cakephp/cakephp/src/Routing/Dispatcher.php(87): Cake\Routing\Dispatcher->_invoke(Object(App\Controller\ArticlesController))
#5 /var/www/html/blog/webroot/index.php(37): Cake\Routing\Dispatcher->dispatch(Object(Cake\Network\Request), Object(Cake\Network\Response))
#6 {main}


2016-04-20 09:46:28 Warning: DebugKit not enabled. You need to either install pdo_sqlite, or define the "debug_kit" connection name.
2016-04-20 09:46:28 Error: [RuntimeException] Table "App\Model\Table\ArticlesTable" is not associated with "Categories"
Request URL: /blog/articles/add
Referer URL: http://localhost/blog/articles
Stack Trace:
#0 /var/www/html/blog/src/Controller/ArticlesController.php(65): Cake\ORM\Table->__get('Categories')
#1 [internal function]: App\Controller\ArticlesController->add()
#2 /var/www/html/blog/vendor/cakephp/cakephp/src/Controller/Controller.php(429): call_user_func_array(Array, Array)
#3 /var/www/html/blog/vendor/cakephp/cakephp/src/Routing/Dispatcher.php(114): Cake\Controller\Controller->invokeAction()
#4 /var/www/html/blog/vendor/cakephp/cakephp/src/Routing/Dispatcher.php(87): Cake\Routing\Dispatcher->_invoke(Object(App\Controller\ArticlesController))
#5 /var/www/html/blog/webroot/index.php(37): Cake\Routing\Dispatcher->dispatch(Object(Cake\Network\Request), Object(Cake\Network\Response))
#6 {main}


2016-04-20 09:46:29 Warning: DebugKit not enabled. You need to either install pdo_sqlite, or define the "debug_kit" connection name.
2016-04-20 09:46:32 Warning: DebugKit not enabled. You need to either install pdo_sqlite, or define the "debug_kit" connection name.
2016-04-20 09:46:32 Error: [RuntimeException] Table "App\Model\Table\ArticlesTable" is not associated with "Categories"
Request URL: /blog/articles/add
Referer URL: http://localhost/blog/articles
Stack Trace:
#0 /var/www/html/blog/src/Controller/ArticlesController.php(65): Cake\ORM\Table->__get('Categories')
#1 [internal function]: App\Controller\ArticlesController->add()
#2 /var/www/html/blog/vendor/cakephp/cakephp/src/Controller/Controller.php(429): call_user_func_array(Array, Array)
#3 /var/www/html/blog/vendor/cakephp/cakephp/src/Routing/Dispatcher.php(114): Cake\Controller\Controller->invokeAction()
#4 /var/www/html/blog/vendor/cakephp/cakephp/src/Routing/Dispatcher.php(87): Cake\Routing\Dispatcher->_invoke(Object(App\Controller\ArticlesController))
#5 /var/www/html/blog/webroot/index.php(37): Cake\Routing\Dispatcher->dispatch(Object(Cake\Network\Request), Object(Cake\Network\Response))
#6 {main}


2016-04-20 09:47:41 Warning: DebugKit not enabled. You need to either install pdo_sqlite, or define the "debug_kit" connection name.
2016-04-20 09:47:56 Warning: DebugKit not enabled. You need to either install pdo_sqlite, or define the "debug_kit" connection name.
2016-04-20 09:47:56 Warning: DebugKit not enabled. You need to either install pdo_sqlite, or define the "debug_kit" connection name.
2016-04-20 09:47:58 Warning: DebugKit not enabled. You need to either install pdo_sqlite, or define the "debug_kit" connection name.
2016-04-20 09:48:00 Warning: DebugKit not enabled. You need to either install pdo_sqlite, or define the "debug_kit" connection name.
2016-04-20 09:48:01 Warning: DebugKit not enabled. You need to either install pdo_sqlite, or define the "debug_kit" connection name.
2016-04-20 09:50:45 Warning: DebugKit not enabled. You need to either install pdo_sqlite, or define the "debug_kit" connection name.
2016-04-20 09:50:45 Warning: DebugKit not enabled. You need to either install pdo_sqlite, or define the "debug_kit" connection name.
2016-04-20 09:50:47 Warning: DebugKit not enabled. You need to either install pdo_sqlite, or define the "debug_kit" connection name.
2016-04-20 09:50:56 Warning: DebugKit not enabled. You need to either install pdo_sqlite, or define the "debug_kit" connection name.
2016-04-20 09:51:02 Warning: DebugKit not enabled. You need to either install pdo_sqlite, or define the "debug_kit" connection name.
2016-04-20 09:51:07 Warning: DebugKit not enabled. You need to either install pdo_sqlite, or define the "debug_kit" connection name.
2016-04-20 09:51:10 Warning: DebugKit not enabled. You need to either install pdo_sqlite, or define the "debug_kit" connection name.
2016-04-20 09:51:10 Warning: DebugKit not enabled. You need to either install pdo_sqlite, or define the "debug_kit" connection name.
2016-04-20 09:51:11 Warning: DebugKit not enabled. You need to either install pdo_sqlite, or define the "debug_kit" connection name.
2016-04-20 09:51:12 Warning: DebugKit not enabled. You need to either install pdo_sqlite, or define the "debug_kit" connection name.
2016-04-20 09:51:12 Warning: DebugKit not enabled. You need to either install pdo_sqlite, or define the "debug_kit" connection name.
2016-04-20 09:51:13 Warning: DebugKit not enabled. You need to either install pdo_sqlite, or define the "debug_kit" connection name.
2016-04-20 09:51:14 Warning: DebugKit not enabled. You need to either install pdo_sqlite, or define the "debug_kit" connection name.
2016-04-20 09:51:14 Warning: DebugKit not enabled. You need to either install pdo_sqlite, or define the "debug_kit" connection name.
2016-04-20 09:51:19 Warning: DebugKit not enabled. You need to either install pdo_sqlite, or define the "debug_kit" connection name.
2016-04-20 09:51:19 Warning: DebugKit not enabled. You need to either install pdo_sqlite, or define the "debug_kit" connection name.
2016-04-20 09:51:20 Warning: DebugKit not enabled. You need to either install pdo_sqlite, or define the "debug_kit" connection name.
2016-04-20 09:51:21 Warning: DebugKit not enabled. You need to either install pdo_sqlite, or define the "debug_kit" connection name.
2016-04-20 09:51:22 Warning: DebugKit not enabled. You need to either install pdo_sqlite, or define the "debug_kit" connection name.
2016-04-20 09:51:23 Warning: DebugKit not enabled. You need to either install pdo_sqlite, or define the "debug_kit" connection name.
2016-04-20 09:51:29 Warning: DebugKit not enabled. You need to either install pdo_sqlite, or define the "debug_kit" connection name.
2016-04-20 09:52:28 Warning: DebugKit not enabled. You need to either install pdo_sqlite, or define the "debug_kit" connection name.
2016-04-20 09:52:30 Warning: DebugKit not enabled. You need to either install pdo_sqlite, or define the "debug_kit" connection name.
2016-04-20 09:52:31 Warning: DebugKit not enabled. You need to either install pdo_sqlite, or define the "debug_kit" connection name.
2016-04-20 09:59:41 Warning: DebugKit not enabled. You need to either install pdo_sqlite, or define the "debug_kit" connection name.
2016-04-20 09:59:42 Warning: DebugKit not enabled. You need to either install pdo_sqlite, or define the "debug_kit" connection name.
2016-04-20 09:59:46 Warning: DebugKit not enabled. You need to either install pdo_sqlite, or define the "debug_kit" connection name.
2016-04-20 09:59:46 Warning: DebugKit not enabled. You need to either install pdo_sqlite, or define the "debug_kit" connection name.
2016-04-20 09:59:49 Warning: DebugKit not enabled. You need to either install pdo_sqlite, or define the "debug_kit" connection name.
2016-04-20 09:59:52 Warning: DebugKit not enabled. You need to either install pdo_sqlite, or define the "debug_kit" connection name.
2016-04-20 09:59:55 Warning: DebugKit not enabled. You need to either install pdo_sqlite, or define the "debug_kit" connection name.
2016-04-20 09:59:55 Warning: DebugKit not enabled. You need to either install pdo_sqlite, or define the "debug_kit" connection name.
2016-04-20 09:59:57 Warning: DebugKit not enabled. You need to either install pdo_sqlite, or define the "debug_kit" connection name.
2016-04-20 09:59:58 Warning: DebugKit not enabled. You need to either install pdo_sqlite, or define the "debug_kit" connection name.
2016-04-20 09:59:58 Warning: DebugKit not enabled. You need to either install pdo_sqlite, or define the "debug_kit" connection name.
2016-04-20 09:59:58 Warning: DebugKit not enabled. You need to either install pdo_sqlite, or define the "debug_kit" connection name.
2016-04-20 09:59:58 Warning: DebugKit not enabled. You need to either install pdo_sqlite, or define the "debug_kit" connection name.
2016-04-20 09:59:59 Warning: DebugKit not enabled. You need to either install pdo_sqlite, or define the "debug_kit" connection name.
2016-04-20 10:00:02 Warning: DebugKit not enabled. You need to either install pdo_sqlite, or define the "debug_kit" connection name.
2016-04-20 10:00:02 Warning: DebugKit not enabled. You need to either install pdo_sqlite, or define the "debug_kit" connection name.
2016-04-20 10:00:03 Warning: DebugKit not enabled. You need to either install pdo_sqlite, or define the "debug_kit" connection name.
2016-04-20 10:01:20 Warning: DebugKit not enabled. You need to either install pdo_sqlite, or define the "debug_kit" connection name.
2016-04-20 10:01:21 Warning: DebugKit not enabled. You need to either install pdo_sqlite, or define the "debug_kit" connection name.
2016-04-20 10:01:22 Warning: DebugKit not enabled. You need to either install pdo_sqlite, or define the "debug_kit" connection name.
2016-04-20 10:01:24 Warning: DebugKit not enabled. You need to either install pdo_sqlite, or define the "debug_kit" connection name.
2016-04-20 10:01:29 Warning: DebugKit not enabled. You need to either install pdo_sqlite, or define the "debug_kit" connection name.
2016-04-20 10:01:29 Warning: DebugKit not enabled. You need to either install pdo_sqlite, or define the "debug_kit" connection name.
2016-04-20 10:01:31 Warning: DebugKit not enabled. You need to either install pdo_sqlite, or define the "debug_kit" connection name.
2016-04-20 10:01:31 Warning: DebugKit not enabled. You need to either install pdo_sqlite, or define the "debug_kit" connection name.
2016-04-20 10:01:32 Warning: DebugKit not enabled. You need to either install pdo_sqlite, or define the "debug_kit" connection name.
2016-04-20 10:01:33 Warning: DebugKit not enabled. You need to either install pdo_sqlite, or define the "debug_kit" connection name.
2016-04-20 10:01:35 Warning: DebugKit not enabled. You need to either install pdo_sqlite, or define the "debug_kit" connection name.
2016-04-20 10:01:36 Warning: DebugKit not enabled. You need to either install pdo_sqlite, or define the "debug_kit" connection name.
2016-04-20 10:03:59 Warning: DebugKit not enabled. You need to either install pdo_sqlite, or define the "debug_kit" connection name.
2016-04-20 10:04:00 Warning: DebugKit not enabled. You need to either install pdo_sqlite, or define the "debug_kit" connection name.
2016-04-20 10:04:00 Warning: DebugKit not enabled. You need to either install pdo_sqlite, or define the "debug_kit" connection name.
2016-04-20 10:04:00 Warning: DebugKit not enabled. You need to either install pdo_sqlite, or define the "debug_kit" connection name.
2016-04-20 10:04:01 Warning: DebugKit not enabled. You need to either install pdo_sqlite, or define the "debug_kit" connection name.
2016-04-20 10:04:09 Warning: DebugKit not enabled. You need to either install pdo_sqlite, or define the "debug_kit" connection name.
2016-04-20 10:04:09 Warning: DebugKit not enabled. You need to either install pdo_sqlite, or define the "debug_kit" connection name.
2016-04-20 10:04:15 Warning: DebugKit not enabled. You need to either install pdo_sqlite, or define the "debug_kit" connection name.
2016-04-20 10:04:15 Warning: DebugKit not enabled. You need to either install pdo_sqlite, or define the "debug_kit" connection name.
2016-04-20 10:04:15 Warning: DebugKit not enabled. You need to either install pdo_sqlite, or define the "debug_kit" connection name.
2016-04-20 10:04:15 Warning: DebugKit not enabled. You need to either install pdo_sqlite, or define the "debug_kit" connection name.
2016-04-20 10:04:15 Warning: DebugKit not enabled. You need to either install pdo_sqlite, or define the "debug_kit" connection name.
2016-04-20 10:04:16 Warning: DebugKit not enabled. You need to either install pdo_sqlite, or define the "debug_kit" connection name.
2016-04-20 10:04:16 Warning: DebugKit not enabled. You need to either install pdo_sqlite, or define the "debug_kit" connection name.
2016-04-20 10:04:16 Warning: DebugKit not enabled. You need to either install pdo_sqlite, or define the "debug_kit" connection name.
2016-04-20 10:04:16 Warning: DebugKit not enabled. You need to either install pdo_sqlite, or define the "debug_kit" connection name.
2016-04-20 10:04:16 Warning: DebugKit not enabled. You need to either install pdo_sqlite, or define the "debug_kit" connection name.
2016-04-20 10:04:17 Warning: DebugKit not enabled. You need to either install pdo_sqlite, or define the "debug_kit" connection name.
2016-04-20 10:04:17 Warning: DebugKit not enabled. You need to either install pdo_sqlite, or define the "debug_kit" connection name.
2016-04-20 10:04:17 Warning: DebugKit not enabled. You need to either install pdo_sqlite, or define the "debug_kit" connection name.
2016-04-20 10:04:19 Warning: DebugKit not enabled. You need to either install pdo_sqlite, or define the "debug_kit" connection name.
2016-04-20 10:04:25 Warning: DebugKit not enabled. You need to either install pdo_sqlite, or define the "debug_kit" connection name.
2016-04-20 10:04:30 Warning: DebugKit not enabled. You need to either install pdo_sqlite, or define the "debug_kit" connection name.
2016-04-20 10:04:30 Warning: DebugKit not enabled. You need to either install pdo_sqlite, or define the "debug_kit" connection name.
2016-04-20 10:05:14 Warning: DebugKit not enabled. You need to either install pdo_sqlite, or define the "debug_kit" connection name.
2016-04-20 10:05:14 Warning: DebugKit not enabled. You need to either install pdo_sqlite, or define the "debug_kit" connection name.
2016-04-20 10:05:15 Warning: DebugKit not enabled. You need to either install pdo_sqlite, or define the "debug_kit" connection name.
2016-04-20 10:05:15 Warning: DebugKit not enabled. You need to either install pdo_sqlite, or define the "debug_kit" connection name.
2016-04-20 10:05:15 Warning: DebugKit not enabled. You need to either install pdo_sqlite, or define the "debug_kit" connection name.
2016-04-20 10:05:17 Warning: DebugKit not enabled. You need to either install pdo_sqlite, or define the "debug_kit" connection name.
2016-04-20 10:05:17 Warning: DebugKit not enabled. You need to either install pdo_sqlite, or define the "debug_kit" connection name.
2016-04-20 10:05:18 Warning: DebugKit not enabled. You need to either install pdo_sqlite, or define the "debug_kit" connection name.
2016-04-20 10:05:19 Warning: DebugKit not enabled. You need to either install pdo_sqlite, or define the "debug_kit" connection name.
2016-04-20 10:05:21 Warning: DebugKit not enabled. You need to either install pdo_sqlite, or define the "debug_kit" connection name.
2016-04-20 10:05:22 Warning: DebugKit not enabled. You need to either install pdo_sqlite, or define the "debug_kit" connection name.
2016-04-20 10:05:55 Warning: DebugKit not enabled. You need to either install pdo_sqlite, or define the "debug_kit" connection name.
2016-04-20 10:06:02 Warning: DebugKit not enabled. You need to either install pdo_sqlite, or define the "debug_kit" connection name.
2016-04-20 10:06:02 Warning: DebugKit not enabled. You need to either install pdo_sqlite, or define the "debug_kit" connection name.
2016-04-20 10:06:03 Warning: DebugKit not enabled. You need to either install pdo_sqlite, or define the "debug_kit" connection name.
2016-04-20 10:06:05 Warning: DebugKit not enabled. You need to either install pdo_sqlite, or define the "debug_kit" connection name.
2016-04-20 10:06:06 Warning: DebugKit not enabled. You need to either install pdo_sqlite, or define the "debug_kit" connection name.
2016-04-20 10:06:11 Warning: DebugKit not enabled. You need to either install pdo_sqlite, or define the "debug_kit" connection name.
2016-04-20 10:06:11 Warning: DebugKit not enabled. You need to either install pdo_sqlite, or define the "debug_kit" connection name.
2016-04-20 10:06:52 Warning: DebugKit not enabled. You need to either install pdo_sqlite, or define the "debug_kit" connection name.
2016-04-20 10:06:54 Warning: DebugKit not enabled. You need to either install pdo_sqlite, or define the "debug_kit" connection name.
2016-04-20 10:06:54 Warning: DebugKit not enabled. You need to either install pdo_sqlite, or define the "debug_kit" connection name.
2016-04-20 10:07:00 Warning: DebugKit not enabled. You need to either install pdo_sqlite, or define the "debug_kit" connection name.
2016-04-20 10:12:23 Warning: DebugKit not enabled. You need to either install pdo_sqlite, or define the "debug_kit" connection name.
2016-04-20 11:01:03 Warning: DebugKit not enabled. You need to either install pdo_sqlite, or define the "debug_kit" connection name.
2016-04-22 05:14:00 Warning: DebugKit not enabled. You need to either install pdo_sqlite, or define the "debug_kit" connection name.
2016-04-22 05:14:03 Warning: DebugKit not enabled. You need to either install pdo_sqlite, or define the "debug_kit" connection name.
2016-04-22 05:14:03 Warning: DebugKit not enabled. You need to either install pdo_sqlite, or define the "debug_kit" connection name.
2016-04-22 05:14:04 Warning: DebugKit not enabled. You need to either install pdo_sqlite, or define the "debug_kit" connection name.
2016-04-22 05:14:04 Warning: DebugKit not enabled. You need to either install pdo_sqlite, or define the "debug_kit" connection name.
2016-05-02 05:04:18 Warning: DebugKit not enabled. You need to either install pdo_sqlite, or define the "debug_kit" connection name.
2016-05-02 05:04:24 Warning: DebugKit not enabled. You need to either install pdo_sqlite, or define the "debug_kit" connection name.
2016-05-02 05:04:25 Error: [Cake\Routing\Exception\MissingControllerException] Controller class Blogs could not be found.
Exception Attributes: array (
  'class' => 'Blogs',
  'plugin' => NULL,
  'prefix' => NULL,
  '_ext' => NULL,
)
Request URL: /blog/blogs
Stack Trace:
#0 /var/www/html/blog/webroot/index.php(37): Cake\Routing\Dispatcher->dispatch(Object(Cake\Network\Request), Object(Cake\Network\Response))
#1 {main}


2016-05-02 05:04:30 Warning: DebugKit not enabled. You need to either install pdo_sqlite, or define the "debug_kit" connection name.
2016-05-02 05:04:33 Warning: DebugKit not enabled. You need to either install pdo_sqlite, or define the "debug_kit" connection name.
2016-05-02 05:04:34 Warning: DebugKit not enabled. You need to either install pdo_sqlite, or define the "debug_kit" connection name.
2016-05-02 05:04:34 Warning: DebugKit not enabled. You need to either install pdo_sqlite, or define the "debug_kit" connection name.
2016-05-02 05:04:50 Warning: DebugKit not enabled. You need to either install pdo_sqlite, or define the "debug_kit" connection name.
2016-05-02 05:04:52 Warning: DebugKit not enabled. You need to either install pdo_sqlite, or define the "debug_kit" connection name.
2016-05-02 05:04:58 Warning: DebugKit not enabled. You need to either install pdo_sqlite, or define the "debug_kit" connection name.
2016-05-02 05:04:58 Warning: DebugKit not enabled. You need to either install pdo_sqlite, or define the "debug_kit" connection name.
2016-05-02 05:06:44 Warning: DebugKit not enabled. You need to either install pdo_sqlite, or define the "debug_kit" connection name.
2016-05-02 05:06:45 Warning: DebugKit not enabled. You need to either install pdo_sqlite, or define the "debug_kit" connection name.
2016-05-02 05:06:46 Warning: DebugKit not enabled. You need to either install pdo_sqlite, or define the "debug_kit" connection name.
2016-05-02 05:06:47 Warning: DebugKit not enabled. You need to either install pdo_sqlite, or define the "debug_kit" connection name.
2016-05-02 05:06:48 Warning: DebugKit not enabled. You need to either install pdo_sqlite, or define the "debug_kit" connection name.
2016-05-02 05:06:50 Warning: DebugKit not enabled. You need to either install pdo_sqlite, or define the "debug_kit" connection name.
2016-05-02 05:06:52 Warning: DebugKit not enabled. You need to either install pdo_sqlite, or define the "debug_kit" connection name.
2016-05-02 05:06:54 Warning: DebugKit not enabled. You need to either install pdo_sqlite, or define the "debug_kit" connection name.
2016-05-02 05:20:04 Warning: DebugKit not enabled. You need to either install pdo_sqlite, or define the "debug_kit" connection name.
2016-05-02 05:20:08 Warning: DebugKit not enabled. You need to either install pdo_sqlite, or define the "debug_kit" connection name.
2016-05-02 05:20:10 Warning: DebugKit not enabled. You need to either install pdo_sqlite, or define the "debug_kit" connection name.
2016-05-02 05:20:10 Warning: DebugKit not enabled. You need to either install pdo_sqlite, or define the "debug_kit" connection name.
2016-05-02 05:31:19 Warning: DebugKit not enabled. You need to either install pdo_sqlite, or define the "debug_kit" connection name.
2016-05-02 05:31:21 Warning: DebugKit not enabled. You need to either install pdo_sqlite, or define the "debug_kit" connection name.
2016-05-02 05:31:21 Warning: DebugKit not enabled. You need to either install pdo_sqlite, or define the "debug_kit" connection name.
2016-05-02 05:41:32 Warning: DebugKit not enabled. You need to either install pdo_sqlite, or define the "debug_kit" connection name.
2016-05-02 05:45:54 Warning: DebugKit not enabled. You need to either install pdo_sqlite, or define the "debug_kit" connection name.
2016-05-02 05:45:54 Warning: DebugKit not enabled. You need to either install pdo_sqlite, or define the "debug_kit" connection name.
2016-05-02 05:45:55 Warning: DebugKit not enabled. You need to either install pdo_sqlite, or define the "debug_kit" connection name.
2016-05-02 05:45:55 Warning: DebugKit not enabled. You need to either install pdo_sqlite, or define the "debug_kit" connection name.
2016-05-02 05:45:58 Warning: DebugKit not enabled. You need to either install pdo_sqlite, or define the "debug_kit" connection name.
2016-05-02 05:45:59 Warning: DebugKit not enabled. You need to either install pdo_sqlite, or define the "debug_kit" connection name.
2016-05-02 05:46:00 Warning: DebugKit not enabled. You need to either install pdo_sqlite, or define the "debug_kit" connection name.
2016-05-02 05:46:07 Warning: DebugKit not enabled. You need to either install pdo_sqlite, or define the "debug_kit" connection name.
2016-05-02 05:46:17 Warning: DebugKit not enabled. You need to either install pdo_sqlite, or define the "debug_kit" connection name.
2016-05-02 05:46:18 Warning: DebugKit not enabled. You need to either install pdo_sqlite, or define the "debug_kit" connection name.
2016-05-02 05:46:19 Warning: DebugKit not enabled. You need to either install pdo_sqlite, or define the "debug_kit" connection name.
2016-05-02 05:46:20 Warning: DebugKit not enabled. You need to either install pdo_sqlite, or define the "debug_kit" connection name.
2016-05-02 05:46:20 Warning: DebugKit not enabled. You need to either install pdo_sqlite, or define the "debug_kit" connection name.
2016-05-02 06:21:12 Warning: DebugKit not enabled. You need to either install pdo_sqlite, or define the "debug_kit" connection name.
2016-05-02 06:21:13 Warning: DebugKit not enabled. You need to either install pdo_sqlite, or define the "debug_kit" connection name.
2016-05-02 06:21:13 Warning: DebugKit not enabled. You need to either install pdo_sqlite, or define the "debug_kit" connection name.
2016-05-02 06:21:13 Warning: DebugKit not enabled. You need to either install pdo_sqlite, or define the "debug_kit" connection name.
2016-05-02 06:21:14 Warning: DebugKit not enabled. You need to either install pdo_sqlite, or define the "debug_kit" connection name.
2016-05-02 06:21:18 Warning: DebugKit not enabled. You need to either install pdo_sqlite, or define the "debug_kit" connection name.
2016-05-02 06:21:20 Warning: DebugKit not enabled. You need to either install pdo_sqlite, or define the "debug_kit" connection name.
2016-05-02 06:21:20 Warning: DebugKit not enabled. You need to either install pdo_sqlite, or define the "debug_kit" connection name.
2016-05-02 06:21:20 Warning: DebugKit not enabled. You need to either install pdo_sqlite, or define the "debug_kit" connection name.
2016-05-02 06:21:20 Warning: DebugKit not enabled. You need to either install pdo_sqlite, or define the "debug_kit" connection name.
2016-05-02 06:21:20 Warning: DebugKit not enabled. You need to either install pdo_sqlite, or define the "debug_kit" connection name.
2016-05-02 06:21:21 Warning: DebugKit not enabled. You need to either install pdo_sqlite, or define the "debug_kit" connection name.
2016-05-02 06:21:21 Warning: DebugKit not enabled. You need to either install pdo_sqlite, or define the "debug_kit" connection name.
2016-05-02 06:21:28 Warning: DebugKit not enabled. You need to either install pdo_sqlite, or define the "debug_kit" connection name.
2016-05-02 06:21:32 Warning: DebugKit not enabled. You need to either install pdo_sqlite, or define the "debug_kit" connection name.
2016-05-02 06:22:39 Warning: DebugKit not enabled. You need to either install pdo_sqlite, or define the "debug_kit" connection name.
2016-05-02 06:22:40 Warning: DebugKit not enabled. You need to either install pdo_sqlite, or define the "debug_kit" connection name.
2016-05-02 06:22:59 Warning: DebugKit not enabled. You need to either install pdo_sqlite, or define the "debug_kit" connection name.
2016-05-02 06:22:59 Warning: DebugKit not enabled. You need to either install pdo_sqlite, or define the "debug_kit" connection name.
2016-05-02 06:23:11 Warning: DebugKit not enabled. You need to either install pdo_sqlite, or define the "debug_kit" connection name.
2016-05-02 06:23:11 Warning: DebugKit not enabled. You need to either install pdo_sqlite, or define the "debug_kit" connection name.
2016-05-02 06:23:13 Warning: DebugKit not enabled. You need to either install pdo_sqlite, or define the "debug_kit" connection name.
2016-05-02 06:23:16 Warning: DebugKit not enabled. You need to either install pdo_sqlite, or define the "debug_kit" connection name.
2016-05-02 06:23:20 Warning: DebugKit not enabled. You need to either install pdo_sqlite, or define the "debug_kit" connection name.
2016-05-02 06:23:27 Warning: DebugKit not enabled. You need to either install pdo_sqlite, or define the "debug_kit" connection name.
2016-05-02 06:23:27 Warning: DebugKit not enabled. You need to either install pdo_sqlite, or define the "debug_kit" connection name.
2016-05-02 06:23:31 Warning: DebugKit not enabled. You need to either install pdo_sqlite, or define the "debug_kit" connection name.
2016-05-02 06:23:37 Warning: DebugKit not enabled. You need to either install pdo_sqlite, or define the "debug_kit" connection name.
2016-05-02 06:23:37 Error: [Cake\Routing\Exception\MissingControllerException] Controller class Logout could not be found.
Exception Attributes: array (
  'class' => 'Logout',
  'plugin' => NULL,
  'prefix' => NULL,
  '_ext' => NULL,
)
Request URL: /blog/logout
Stack Trace:
#0 /var/www/html/blog/webroot/index.php(37): Cake\Routing\Dispatcher->dispatch(Object(Cake\Network\Request), Object(Cake\Network\Response))
#1 {main}


2016-05-02 06:23:42 Warning: DebugKit not enabled. You need to either install pdo_sqlite, or define the "debug_kit" connection name.
2016-05-02 06:23:42 Warning: DebugKit not enabled. You need to either install pdo_sqlite, or define the "debug_kit" connection name.
2016-05-02 06:23:47 Warning: DebugKit not enabled. You need to either install pdo_sqlite, or define the "debug_kit" connection name.
2016-05-02 06:23:48 Warning: DebugKit not enabled. You need to either install pdo_sqlite, or define the "debug_kit" connection name.
2016-05-02 06:23:48 Warning: DebugKit not enabled. You need to either install pdo_sqlite, or define the "debug_kit" connection name.
2016-05-02 06:23:48 Warning: DebugKit not enabled. You need to either install pdo_sqlite, or define the "debug_kit" connection name.
2016-05-02 06:24:37 Warning: DebugKit not enabled. You need to either install pdo_sqlite, or define the "debug_kit" connection name.
2016-05-02 06:24:37 Warning: DebugKit not enabled. You need to either install pdo_sqlite, or define the "debug_kit" connection name.
2016-05-02 06:24:43 Warning: DebugKit not enabled. You need to either install pdo_sqlite, or define the "debug_kit" connection name.
2016-05-02 06:24:45 Warning: DebugKit not enabled. You need to either install pdo_sqlite, or define the "debug_kit" connection name.
2016-05-02 06:24:47 Warning: DebugKit not enabled. You need to either install pdo_sqlite, or define the "debug_kit" connection name.
2016-05-02 06:24:47 Warning: DebugKit not enabled. You need to either install pdo_sqlite, or define the "debug_kit" connection name.
2016-05-02 06:24:50 Warning: DebugKit not enabled. You need to either install pdo_sqlite, or define the "debug_kit" connection name.
2016-05-02 06:24:51 Warning: DebugKit not enabled. You need to either install pdo_sqlite, or define the "debug_kit" connection name.
2016-05-02 06:24:51 Warning: DebugKit not enabled. You need to either install pdo_sqlite, or define the "debug_kit" connection name.
2016-05-02 06:24:55 Warning: DebugKit not enabled. You need to either install pdo_sqlite, or define the "debug_kit" connection name.
2016-05-02 06:24:56 Warning: DebugKit not enabled. You need to either install pdo_sqlite, or define the "debug_kit" connection name.
2016-05-02 06:25:16 Warning: DebugKit not enabled. You need to either install pdo_sqlite, or define the "debug_kit" connection name.
2016-05-02 06:25:16 Warning: DebugKit not enabled. You need to either install pdo_sqlite, or define the "debug_kit" connection name.
2016-05-02 06:25:19 Warning: DebugKit not enabled. You need to either install pdo_sqlite, or define the "debug_kit" connection name.
2016-05-02 06:25:20 Warning: DebugKit not enabled. You need to either install pdo_sqlite, or define the "debug_kit" connection name.
2016-05-02 06:25:22 Warning: DebugKit not enabled. You need to either install pdo_sqlite, or define the "debug_kit" connection name.
2016-05-02 06:25:26 Warning: DebugKit not enabled. You need to either install pdo_sqlite, or define the "debug_kit" connection name.
2016-05-02 06:25:26 Error: [Cake\Controller\Exception\MissingActionException] Action ArticlesController::logout() could not be found, or is not accessible.
Exception Attributes: array (
  'controller' => 'ArticlesController',
  'action' => 'logout',
  'prefix' => '',
  'plugin' => NULL,
)
Request URL: /blog/articles/logout/
Stack Trace:
#0 /var/www/html/blog/vendor/cakephp/cakephp/src/Routing/Dispatcher.php(114): Cake\Controller\Controller->invokeAction()
#1 /var/www/html/blog/vendor/cakephp/cakephp/src/Routing/Dispatcher.php(87): Cake\Routing\Dispatcher->_invoke(Object(App\Controller\ArticlesController))
#2 /var/www/html/blog/webroot/index.php(37): Cake\Routing\Dispatcher->dispatch(Object(Cake\Network\Request), Object(Cake\Network\Response))
#3 {main}


2016-05-02 06:25:33 Warning: DebugKit not enabled. You need to either install pdo_sqlite, or define the "debug_kit" connection name.
2016-05-02 06:25:33 Warning: DebugKit not enabled. You need to either install pdo_sqlite, or define the "debug_kit" connection name.
2016-05-02 06:27:39 Warning: DebugKit not enabled. You need to either install pdo_sqlite, or define the "debug_kit" connection name.
2016-05-02 06:27:43 Warning: DebugKit not enabled. You need to either install pdo_sqlite, or define the "debug_kit" connection name.
2016-05-02 06:27:43 Warning: DebugKit not enabled. You need to either install pdo_sqlite, or define the "debug_kit" connection name.
2016-05-02 06:27:53 Warning: DebugKit not enabled. You need to either install pdo_sqlite, or define the "debug_kit" connection name.
2016-05-02 06:27:54 Warning: DebugKit not enabled. You need to either install pdo_sqlite, or define the "debug_kit" connection name.
2016-05-02 06:27:54 Error: [BadMethodCallException] Unknown method "isOwnedBy"
Request URL: /blog/articles/delete/1
Referer URL: http://localhost/blog/users/login
Stack Trace:
#0 /var/www/html/blog/src/Controller/ArticlesController.php(127): Cake\ORM\Table->__call('isOwnedBy', Array)
#1 /var/www/html/blog/src/Controller/ArticlesController.php(127): App\Model\Table\ArticlesTable->isOwnedBy(1, 2)
#2 /var/www/html/blog/vendor/cakephp/cakephp/src/Auth/ControllerAuthorize.php(92): App\Controller\ArticlesController->isAuthorized(Array)
#3 /var/www/html/blog/vendor/cakephp/cakephp/src/Controller/Component/AuthComponent.php(494): Cake\Auth\ControllerAuthorize->authorize(Array, Object(Cake\Network\Request))
#4 /var/www/html/blog/vendor/cakephp/cakephp/src/Controller/Component/AuthComponent.php(305): Cake\Controller\Component\AuthComponent->isAuthorized(Array)
#5 /var/www/html/blog/vendor/cakephp/cakephp/src/Controller/Component/AuthComponent.php(258): Cake\Controller\Component\AuthComponent->authCheck(Object(Cake\Event\Event))
#6 /var/www/html/blog/vendor/cakephp/cakephp/src/Event/EventManager.php(386): Cake\Controller\Component\AuthComponent->startup(Object(Cake\Event\Event))
#7 /var/www/html/blog/vendor/cakephp/cakephp/src/Event/EventManager.php(356): Cake\Event\EventManager->_callListener(Array, Object(Cake\Event\Event))
#8 /var/www/html/blog/vendor/cakephp/cakephp/src/Event/EventDispatcherTrait.php(78): Cake\Event\EventManager->dispatch(Object(Cake\Event\Event))
#9 /var/www/html/blog/vendor/cakephp/cakephp/src/Controller/Controller.php(495): Cake\Controller\Controller->dispatchEvent('Controller.star...')
#10 /var/www/html/blog/vendor/cakephp/cakephp/src/Routing/Dispatcher.php(109): Cake\Controller\Controller->startupProcess()
#11 /var/www/html/blog/vendor/cakephp/cakephp/src/Routing/Dispatcher.php(87): Cake\Routing\Dispatcher->_invoke(Object(App\Controller\ArticlesController))
#12 /var/www/html/blog/webroot/index.php(37): Cake\Routing\Dispatcher->dispatch(Object(Cake\Network\Request), Object(Cake\Network\Response))
#13 {main}


2016-05-02 06:28:46 Warning: DebugKit not enabled. You need to either install pdo_sqlite, or define the "debug_kit" connection name.
2016-05-02 06:28:46 Error: Fatal Error (1): Call to undefined method App\Controller\ArticlesController::exists() in [/var/www/html/blog/src/Controller/ArticlesController.php, line 136]
Request URL: /blog/articles/delete/1
Referer URL: http://localhost/blog/users/login
Trace:
Cake\Error\BaseErrorHandler::handleFatalError() - CORE/src/Error/BaseErrorHandler.php, line 215
Cake\Error\BaseErrorHandler::Cake\Error\{closure}() - CORE/src/Error/BaseErrorHandler.php, line 98
[main] - [internal], line ??



2016-05-02 06:28:46 Error: [Cake\Error\FatalErrorException] Call to undefined method App\Controller\ArticlesController::exists()
Request URL: /blog/articles/delete/1
Referer URL: http://localhost/blog/users/login
Stack Trace:
#0 /var/www/html/blog/vendor/cakephp/cakephp/src/Error/BaseErrorHandler.php(98): Cake\Error\BaseErrorHandler->handleFatalError(1, 'Call to undefin...', '/var/www/html/b...', 136)
#1 [internal function]: Cake\Error\BaseErrorHandler->Cake\Error\{closure}()
#2 {main}


2016-05-02 06:31:03 Warning: DebugKit not enabled. You need to either install pdo_sqlite, or define the "debug_kit" connection name.
2016-05-02 06:31:03 Error: [BadMethodCallException] Unknown method "isOwnedBy"
Request URL: /blog/articles/delete/1
Referer URL: http://localhost/blog/users/login
Stack Trace:
#0 /var/www/html/blog/src/Controller/ArticlesController.php(127): Cake\ORM\Table->__call('isOwnedBy', Array)
#1 /var/www/html/blog/src/Controller/ArticlesController.php(127): App\Model\Table\ArticlesTable->isOwnedBy(1, 2)
#2 /var/www/html/blog/vendor/cakephp/cakephp/src/Auth/ControllerAuthorize.php(92): App\Controller\ArticlesController->isAuthorized(Array)
#3 /var/www/html/blog/vendor/cakephp/cakephp/src/Controller/Component/AuthComponent.php(494): Cake\Auth\ControllerAuthorize->authorize(Array, Object(Cake\Network\Request))
#4 /var/www/html/blog/vendor/cakephp/cakephp/src/Controller/Component/AuthComponent.php(305): Cake\Controller\Component\AuthComponent->isAuthorized(Array)
#5 /var/www/html/blog/vendor/cakephp/cakephp/src/Controller/Component/AuthComponent.php(258): Cake\Controller\Component\AuthComponent->authCheck(Object(Cake\Event\Event))
#6 /var/www/html/blog/vendor/cakephp/cakephp/src/Event/EventManager.php(386): Cake\Controller\Component\AuthComponent->startup(Object(Cake\Event\Event))
#7 /var/www/html/blog/vendor/cakephp/cakephp/src/Event/EventManager.php(356): Cake\Event\EventManager->_callListener(Array, Object(Cake\Event\Event))
#8 /var/www/html/blog/vendor/cakephp/cakephp/src/Event/EventDispatcherTrait.php(78): Cake\Event\EventManager->dispatch(Object(Cake\Event\Event))
#9 /var/www/html/blog/vendor/cakephp/cakephp/src/Controller/Controller.php(495): Cake\Controller\Controller->dispatchEvent('Controller.star...')
#10 /var/www/html/blog/vendor/cakephp/cakephp/src/Routing/Dispatcher.php(109): Cake\Controller\Controller->startupProcess()
#11 /var/www/html/blog/vendor/cakephp/cakephp/src/Routing/Dispatcher.php(87): Cake\Routing\Dispatcher->_invoke(Object(App\Controller\ArticlesController))
#12 /var/www/html/blog/webroot/index.php(37): Cake\Routing\Dispatcher->dispatch(Object(Cake\Network\Request), Object(Cake\Network\Response))
#13 {main}


2016-05-02 07:07:59 Warning: DebugKit not enabled. You need to either install pdo_sqlite, or define the "debug_kit" connection name.
2016-05-02 07:07:59 Warning: DebugKit not enabled. You need to either install pdo_sqlite, or define the "debug_kit" connection name.
2016-05-02 07:08:06 Warning: DebugKit not enabled. You need to either install pdo_sqlite, or define the "debug_kit" connection name.
2016-05-02 07:08:10 Warning: DebugKit not enabled. You need to either install pdo_sqlite, or define the "debug_kit" connection name.
2016-05-02 07:08:10 Warning: DebugKit not enabled. You need to either install pdo_sqlite, or define the "debug_kit" connection name.
2016-05-02 07:08:10 Error: [BadMethodCallException] Unknown method "isOwnedBy"
Request URL: /blog/articles/delete/1
Referer URL: http://localhost/blog/users/login
Stack Trace:
#0 /var/www/html/blog/src/Controller/ArticlesController.php(127): Cake\ORM\Table->__call('isOwnedBy', Array)
#1 /var/www/html/blog/src/Controller/ArticlesController.php(127): App\Model\Table\ArticlesTable->isOwnedBy(1, 1)
#2 /var/www/html/blog/vendor/cakephp/cakephp/src/Auth/ControllerAuthorize.php(92): App\Controller\ArticlesController->isAuthorized(Array)
#3 /var/www/html/blog/vendor/cakephp/cakephp/src/Controller/Component/AuthComponent.php(494): Cake\Auth\ControllerAuthorize->authorize(Array, Object(Cake\Network\Request))
#4 /var/www/html/blog/vendor/cakephp/cakephp/src/Controller/Component/AuthComponent.php(305): Cake\Controller\Component\AuthComponent->isAuthorized(Array)
#5 /var/www/html/blog/vendor/cakephp/cakephp/src/Controller/Component/AuthComponent.php(258): Cake\Controller\Component\AuthComponent->authCheck(Object(Cake\Event\Event))
#6 /var/www/html/blog/vendor/cakephp/cakephp/src/Event/EventManager.php(386): Cake\Controller\Component\AuthComponent->startup(Object(Cake\Event\Event))
#7 /var/www/html/blog/vendor/cakephp/cakephp/src/Event/EventManager.php(356): Cake\Event\EventManager->_callListener(Array, Object(Cake\Event\Event))
#8 /var/www/html/blog/vendor/cakephp/cakephp/src/Event/EventDispatcherTrait.php(78): Cake\Event\EventManager->dispatch(Object(Cake\Event\Event))
#9 /var/www/html/blog/vendor/cakephp/cakephp/src/Controller/Controller.php(495): Cake\Controller\Controller->dispatchEvent('Controller.star...')
#10 /var/www/html/blog/vendor/cakephp/cakephp/src/Routing/Dispatcher.php(109): Cake\Controller\Controller->startupProcess()
#11 /var/www/html/blog/vendor/cakephp/cakephp/src/Routing/Dispatcher.php(87): Cake\Routing\Dispatcher->_invoke(Object(App\Controller\ArticlesController))
#12 /var/www/html/blog/webroot/index.php(37): Cake\Routing\Dispatcher->dispatch(Object(Cake\Network\Request), Object(Cake\Network\Response))
#13 {main}


2016-05-02 07:08:19 Warning: DebugKit not enabled. You need to either install pdo_sqlite, or define the "debug_kit" connection name.
2016-05-02 07:10:00 Warning: DebugKit not enabled. You need to either install pdo_sqlite, or define the "debug_kit" connection name.
2016-05-02 07:10:01 Warning: DebugKit not enabled. You need to either install pdo_sqlite, or define the "debug_kit" connection name.
2016-05-02 07:10:02 Warning: DebugKit not enabled. You need to either install pdo_sqlite, or define the "debug_kit" connection name.
2016-05-02 07:10:02 Warning: DebugKit not enabled. You need to either install pdo_sqlite, or define the "debug_kit" connection name.
2016-05-02 07:10:02 Warning: DebugKit not enabled. You need to either install pdo_sqlite, or define the "debug_kit" connection name.
2016-05-02 07:10:03 Warning: DebugKit not enabled. You need to either install pdo_sqlite, or define the "debug_kit" connection name.
2016-05-02 07:10:03 Warning: DebugKit not enabled. You need to either install pdo_sqlite, or define the "debug_kit" connection name.
2016-05-02 07:10:03 Warning: DebugKit not enabled. You need to either install pdo_sqlite, or define the "debug_kit" connection name.
2016-05-02 07:10:03 Warning: DebugKit not enabled. You need to either install pdo_sqlite, or define the "debug_kit" connection name.
2016-05-02 07:10:03 Warning: DebugKit not enabled. You need to either install pdo_sqlite, or define the "debug_kit" connection name.
2016-05-02 07:10:04 Warning: DebugKit not enabled. You need to either install pdo_sqlite, or define the "debug_kit" connection name.
2016-05-02 07:47:35 Warning: DebugKit not enabled. You need to either install pdo_sqlite, or define the "debug_kit" connection name.
2016-05-02 07:47:38 Warning: DebugKit not enabled. You need to either install pdo_sqlite, or define the "debug_kit" connection name.
2016-05-02 07:47:41 Warning: DebugKit not enabled. You need to either install pdo_sqlite, or define the "debug_kit" connection name.
2016-05-02 07:47:41 Warning: DebugKit not enabled. You need to either install pdo_sqlite, or define the "debug_kit" connection name.
2016-05-02 07:47:48 Warning: DebugKit not enabled. You need to either install pdo_sqlite, or define the "debug_kit" connection name.
2016-05-02 07:47:48 Warning: DebugKit not enabled. You need to either install pdo_sqlite, or define the "debug_kit" connection name.
2016-05-02 07:47:54 Warning: DebugKit not enabled. You need to either install pdo_sqlite, or define the "debug_kit" connection name.
2016-05-02 07:47:54 Warning: DebugKit not enabled. You need to either install pdo_sqlite, or define the "debug_kit" connection name.
2016-05-02 07:47:58 Warning: DebugKit not enabled. You need to either install pdo_sqlite, or define the "debug_kit" connection name.
2016-05-02 07:47:58 Warning: DebugKit not enabled. You need to either install pdo_sqlite, or define the "debug_kit" connection name.
2016-05-02 07:48:01 Warning: DebugKit not enabled. You need to either install pdo_sqlite, or define the "debug_kit" connection name.
2016-05-02 07:48:01 Warning: DebugKit not enabled. You need to either install pdo_sqlite, or define the "debug_kit" connection name.
2016-05-02 07:48:04 Warning: DebugKit not enabled. You need to either install pdo_sqlite, or define the "debug_kit" connection name.
2016-05-02 07:48:04 Warning: DebugKit not enabled. You need to either install pdo_sqlite, or define the "debug_kit" connection name.
2016-05-02 07:48:05 Warning: DebugKit not enabled. You need to either install pdo_sqlite, or define the "debug_kit" connection name.
2016-05-02 07:48:05 Warning: DebugKit not enabled. You need to either install pdo_sqlite, or define the "debug_kit" connection name.
2016-05-02 07:48:05 Warning: DebugKit not enabled. You need to either install pdo_sqlite, or define the "debug_kit" connection name.
2016-05-02 07:48:06 Warning: DebugKit not enabled. You need to either install pdo_sqlite, or define the "debug_kit" connection name.
2016-05-02 07:48:06 Warning: DebugKit not enabled. You need to either install pdo_sqlite, or define the "debug_kit" connection name.
2016-05-02 07:48:06 Warning: DebugKit not enabled. You need to either install pdo_sqlite, or define the "debug_kit" connection name.
2016-05-02 07:48:06 Warning: DebugKit not enabled. You need to either install pdo_sqlite, or define the "debug_kit" connection name.
2016-05-02 07:48:08 Warning: DebugKit not enabled. You need to either install pdo_sqlite, or define the "debug_kit" connection name.
2016-05-02 07:48:08 Warning: DebugKit not enabled. You need to either install pdo_sqlite, or define the "debug_kit" connection name.
2016-05-02 07:48:09 Warning: DebugKit not enabled. You need to either install pdo_sqlite, or define the "debug_kit" connection name.
2016-05-02 07:48:09 Warning: DebugKit not enabled. You need to either install pdo_sqlite, or define the "debug_kit" connection name.
2016-05-02 07:48:09 Warning: DebugKit not enabled. You need to either install pdo_sqlite, or define the "debug_kit" connection name.
2016-05-02 07:48:09 Warning: DebugKit not enabled. You need to either install pdo_sqlite, or define the "debug_kit" connection name.
2016-05-02 07:48:10 Warning: DebugKit not enabled. You need to either install pdo_sqlite, or define the "debug_kit" connection name.
2016-05-02 07:48:10 Warning: DebugKit not enabled. You need to either install pdo_sqlite, or define the "debug_kit" connection name.
2016-05-02 07:48:11 Warning: DebugKit not enabled. You need to either install pdo_sqlite, or define the "debug_kit" connection name.
2016-05-02 07:48:11 Warning: DebugKit not enabled. You need to either install pdo_sqlite, or define the "debug_kit" connection name.
2016-05-02 07:48:13 Warning: DebugKit not enabled. You need to either install pdo_sqlite, or define the "debug_kit" connection name.
2016-05-02 07:48:13 Warning: DebugKit not enabled. You need to either install pdo_sqlite, or define the "debug_kit" connection name.
2016-05-02 07:48:14 Warning: DebugKit not enabled. You need to either install pdo_sqlite, or define the "debug_kit" connection name.
2016-05-02 07:48:14 Warning: DebugKit not enabled. You need to either install pdo_sqlite, or define the "debug_kit" connection name.
2016-05-02 07:48:14 Warning: DebugKit not enabled. You need to either install pdo_sqlite, or define the "debug_kit" connection name.
2016-05-02 07:48:16 Warning: DebugKit not enabled. You need to either install pdo_sqlite, or define the "debug_kit" connection name.
2016-05-02 07:48:16 Warning: DebugKit not enabled. You need to either install pdo_sqlite, or define the "debug_kit" connection name.
2016-05-02 07:48:18 Warning: DebugKit not enabled. You need to either install pdo_sqlite, or define the "debug_kit" connection name.
2016-05-02 07:48:18 Warning: DebugKit not enabled. You need to either install pdo_sqlite, or define the "debug_kit" connection name.
2016-05-02 07:48:20 Warning: DebugKit not enabled. You need to either install pdo_sqlite, or define the "debug_kit" connection name.
2016-05-02 07:48:20 Warning: DebugKit not enabled. You need to either install pdo_sqlite, or define the "debug_kit" connection name.
2016-05-02 07:48:27 Warning: DebugKit not enabled. You need to either install pdo_sqlite, or define the "debug_kit" connection name.
2016-05-02 07:48:27 Warning: DebugKit not enabled. You need to either install pdo_sqlite, or define the "debug_kit" connection name.
2016-05-02 07:48:31 Warning: DebugKit not enabled. You need to either install pdo_sqlite, or define the "debug_kit" connection name.
2016-05-02 07:48:31 Error: [Cake\View\Exception\MissingTemplateException] Template file "Users/index.ctp" is missing.
Exception Attributes: array (
  'file' => 'Users/index.ctp',
)
Request URL: /blog/users
Stack Trace:
#0 /var/www/html/blog/vendor/cakephp/cakephp/src/View/View.php(584): Cake\View\View->_getViewFileName(NULL)
#1 /var/www/html/blog/vendor/cakephp/cakephp/src/Controller/Controller.php(611): Cake\View\View->render(NULL, NULL)
#2 /var/www/html/blog/vendor/cakephp/cakephp/src/Routing/Dispatcher.php(120): Cake\Controller\Controller->render()
#3 /var/www/html/blog/vendor/cakephp/cakephp/src/Routing/Dispatcher.php(87): Cake\Routing\Dispatcher->_invoke(Object(App\Controller\UsersController))
#4 /var/www/html/blog/webroot/index.php(37): Cake\Routing\Dispatcher->dispatch(Object(Cake\Network\Request), Object(Cake\Network\Response))
#5 {main}


2016-05-02 07:48:40 Warning: DebugKit not enabled. You need to either install pdo_sqlite, or define the "debug_kit" connection name.
2016-05-02 07:48:46 Warning: DebugKit not enabled. You need to either install pdo_sqlite, or define the "debug_kit" connection name.
2016-05-02 07:48:46 Error: [Cake\Routing\Exception\MissingControllerException] Controller class User could not be found.
Exception Attributes: array (
  'class' => 'User',
  'plugin' => NULL,
  'prefix' => NULL,
  '_ext' => NULL,
)
Request URL: /blog/user/login
Stack Trace:
#0 /var/www/html/blog/webroot/index.php(37): Cake\Routing\Dispatcher->dispatch(Object(Cake\Network\Request), Object(Cake\Network\Response))
#1 {main}


2016-05-02 07:48:50 Warning: DebugKit not enabled. You need to either install pdo_sqlite, or define the "debug_kit" connection name.
2016-05-02 07:48:50 Error: [Cake\View\Exception\MissingTemplateException] Template file "Users/index.ctp" is missing.
Exception Attributes: array (
  'file' => 'Users/index.ctp',
)
Request URL: /blog/users
Stack Trace:
#0 /var/www/html/blog/vendor/cakephp/cakephp/src/View/View.php(584): Cake\View\View->_getViewFileName(NULL)
#1 /var/www/html/blog/vendor/cakephp/cakephp/src/Controller/Controller.php(611): Cake\View\View->render(NULL, NULL)
#2 /var/www/html/blog/vendor/cakephp/cakephp/src/Routing/Dispatcher.php(120): Cake\Controller\Controller->render()
#3 /var/www/html/blog/vendor/cakephp/cakephp/src/Routing/Dispatcher.php(87): Cake\Routing\Dispatcher->_invoke(Object(App\Controller\UsersController))
#4 /var/www/html/blog/webroot/index.php(37): Cake\Routing\Dispatcher->dispatch(Object(Cake\Network\Request), Object(Cake\Network\Response))
#5 {main}


2016-05-02 07:48:56 Warning: DebugKit not enabled. You need to either install pdo_sqlite, or define the "debug_kit" connection name.
2016-05-02 07:49:00 Warning: DebugKit not enabled. You need to either install pdo_sqlite, or define the "debug_kit" connection name.
2016-05-02 07:49:00 Warning: DebugKit not enabled. You need to either install pdo_sqlite, or define the "debug_kit" connection name.
2016-05-02 07:49:03 Warning: DebugKit not enabled. You need to either install pdo_sqlite, or define the "debug_kit" connection name.
2016-05-02 07:49:03 Warning: DebugKit not enabled. You need to either install pdo_sqlite, or define the "debug_kit" connection name.
2016-05-02 07:49:05 Warning: DebugKit not enabled. You need to either install pdo_sqlite, or define the "debug_kit" connection name.
2016-05-02 07:49:05 Warning: DebugKit not enabled. You need to either install pdo_sqlite, or define the "debug_kit" connection name.
2016-05-02 07:49:07 Warning: DebugKit not enabled. You need to either install pdo_sqlite, or define the "debug_kit" connection name.
2016-05-02 07:49:07 Warning: DebugKit not enabled. You need to either install pdo_sqlite, or define the "debug_kit" connection name.
2016-05-02 07:49:09 Warning: DebugKit not enabled. You need to either install pdo_sqlite, or define the "debug_kit" connection name.
2016-05-02 07:49:09 Warning: DebugKit not enabled. You need to either install pdo_sqlite, or define the "debug_kit" connection name.
2016-05-02 07:49:11 Warning: DebugKit not enabled. You need to either install pdo_sqlite, or define the "debug_kit" connection name.
2016-05-02 07:49:11 Warning: DebugKit not enabled. You need to either install pdo_sqlite, or define the "debug_kit" connection name.
2016-05-02 07:49:11 Warning: DebugKit not enabled. You need to either install pdo_sqlite, or define the "debug_kit" connection name.
2016-05-02 07:49:11 Warning: DebugKit not enabled. You need to either install pdo_sqlite, or define the "debug_kit" connection name.
2016-05-02 07:49:12 Warning: DebugKit not enabled. You need to either install pdo_sqlite, or define the "debug_kit" connection name.
2016-05-02 07:49:16 Warning: DebugKit not enabled. You need to either install pdo_sqlite, or define the "debug_kit" connection name.
2016-05-02 07:49:16 Warning: DebugKit not enabled. You need to either install pdo_sqlite, or define the "debug_kit" connection name.
2016-05-02 07:49:20 Warning: DebugKit not enabled. You need to either install pdo_sqlite, or define the "debug_kit" connection name.
2016-05-02 07:50:38 Warning: DebugKit not enabled. You need to either install pdo_sqlite, or define the "debug_kit" connection name.
2016-05-02 07:50:38 Warning: DebugKit not enabled. You need to either install pdo_sqlite, or define the "debug_kit" connection name.
2016-05-02 07:50:38 Warning: DebugKit not enabled. You need to either install pdo_sqlite, or define the "debug_kit" connection name.
2016-05-02 07:50:38 Warning: DebugKit not enabled. You need to either install pdo_sqlite, or define the "debug_kit" connection name.
2016-05-02 07:50:39 Warning: DebugKit not enabled. You need to either install pdo_sqlite, or define the "debug_kit" connection name.
2016-05-02 07:50:50 Warning: DebugKit not enabled. You need to either install pdo_sqlite, or define the "debug_kit" connection name.
2016-05-02 07:54:41 Warning: DebugKit not enabled. You need to either install pdo_sqlite, or define the "debug_kit" connection name.
2016-05-02 07:54:43 Warning: DebugKit not enabled. You need to either install pdo_sqlite, or define the "debug_kit" connection name.
2016-05-02 07:57:02 Warning: DebugKit not enabled. You need to either install pdo_sqlite, or define the "debug_kit" connection name.
2016-05-02 07:57:03 Warning: DebugKit not enabled. You need to either install pdo_sqlite, or define the "debug_kit" connection name.
2016-05-02 07:57:11 Warning: DebugKit not enabled. You need to either install pdo_sqlite, or define the "debug_kit" connection name.
2016-05-02 07:57:35 Warning: DebugKit not enabled. You need to either install pdo_sqlite, or define the "debug_kit" connection name.
2016-05-02 07:57:35 Error: Fatal Error (4): syntax error, unexpected end of file in [/var/www/html/blog/src/Template/Layout/default.ctp, line 61]
Request URL: /blog/articles
Referer URL: http://localhost/blog/articles
Trace:
Cake\Error\BaseErrorHandler::handleFatalError() - CORE/src/Error/BaseErrorHandler.php, line 215
Cake\Error\BaseErrorHandler::Cake\Error\{closure}() - CORE/src/Error/BaseErrorHandler.php, line 98
[main] - [internal], line ??



2016-05-02 07:57:35 Error: [Cake\Error\FatalErrorException] syntax error, unexpected end of file
Request URL: /blog/articles
Referer URL: http://localhost/blog/articles
Stack Trace:
#0 /var/www/html/blog/vendor/cakephp/cakephp/src/Error/BaseErrorHandler.php(98): Cake\Error\BaseErrorHandler->handleFatalError(4, 'syntax error, u...', '/var/www/html/b...', 61)
#1 [internal function]: Cake\Error\BaseErrorHandler->Cake\Error\{closure}()
#2 {main}


2016-05-02 07:57:54 Warning: DebugKit not enabled. You need to either install pdo_sqlite, or define the "debug_kit" connection name.
2016-05-02 07:57:54 Error: [Cake\View\Exception\MissingHelperException] Helper class AuthHelper could not be found.
Exception Attributes: array (
  'class' => 'AuthHelper',
  'plugin' => NULL,
)
Request URL: /blog/articles
Referer URL: http://localhost/blog/articles
Stack Trace:
#0 /var/www/html/blog/vendor/cakephp/cakephp/src/Core/ObjectRegistry.php(91): Cake\View\HelperRegistry->_throwMissingClassError('Auth', NULL)
#1 /var/www/html/blog/vendor/cakephp/cakephp/src/View/HelperRegistry.php(66): Cake\Core\ObjectRegistry->load('Auth')
#2 /var/www/html/blog/vendor/cakephp/cakephp/src/View/View.php(888): Cake\View\HelperRegistry->__isset('Auth')
#3 /var/www/html/blog/src/Template/Layout/default.ctp(45): Cake\View\View->__get('Auth')
#4 /var/www/html/blog/vendor/cakephp/cakephp/src/View/View.php(992): include('/var/www/html/b...')
#5 /var/www/html/blog/vendor/cakephp/cakephp/src/View/View.php(952): Cake\View\View->_evaluate('/var/www/html/b...', Array)
#6 /var/www/html/blog/vendor/cakephp/cakephp/src/View/View.php(633): Cake\View\View->_render('/var/www/html/b...')
#7 /var/www/html/blog/vendor/cakephp/cakephp/src/View/View.php(592): Cake\View\View->renderLayout('', 'default')
#8 /var/www/html/blog/vendor/cakephp/cakephp/src/Controller/Controller.php(611): Cake\View\View->render(NULL, NULL)
#9 /var/www/html/blog/vendor/cakephp/cakephp/src/Routing/Dispatcher.php(120): Cake\Controller\Controller->render()
#10 /var/www/html/blog/vendor/cakephp/cakephp/src/Routing/Dispatcher.php(87): Cake\Routing\Dispatcher->_invoke(Object(App\Controller\ArticlesController))
#11 /var/www/html/blog/webroot/index.php(37): Cake\Routing\Dispatcher->dispatch(Object(Cake\Network\Request), Object(Cake\Network\Response))
#12 {main}


2016-05-02 07:59:26 Warning: DebugKit not enabled. You need to either install pdo_sqlite, or define the "debug_kit" connection name.
2016-05-02 07:59:26 Error: Fatal Error (1): Call to undefined method Cake\Controller\Component\AuthComponent::loggedIn() in [/var/www/html/blog/src/Controller/AppController.php, line 80]
Request URL: /blog/articles
Referer URL: http://localhost/blog/articles
Trace:
Cake\Error\BaseErrorHandler::handleFatalError() - CORE/src/Error/BaseErrorHandler.php, line 215
Cake\Error\BaseErrorHandler::Cake\Error\{closure}() - CORE/src/Error/BaseErrorHandler.php, line 98
[main] - [internal], line ??



2016-05-02 07:59:26 Error: [Cake\Error\FatalErrorException] Call to undefined method Cake\Controller\Component\AuthComponent::loggedIn()
Request URL: /blog/articles
Referer URL: http://localhost/blog/articles
Stack Trace:
#0 /var/www/html/blog/vendor/cakephp/cakephp/src/Error/BaseErrorHandler.php(98): Cake\Error\BaseErrorHandler->handleFatalError(1, 'Call to undefin...', '/var/www/html/b...', 80)
#1 [internal function]: Cake\Error\BaseErrorHandler->Cake\Error\{closure}()
#2 {main}


2016-05-02 08:01:17 Warning: DebugKit not enabled. You need to either install pdo_sqlite, or define the "debug_kit" connection name.
2016-05-02 08:02:11 Warning: DebugKit not enabled. You need to either install pdo_sqlite, or define the "debug_kit" connection name.
2016-05-02 08:02:21 Warning: DebugKit not enabled. You need to either install pdo_sqlite, or define the "debug_kit" connection name.
2016-05-02 08:02:21 Warning: DebugKit not enabled. You need to either install pdo_sqlite, or define the "debug_kit" connection name.
2016-05-02 08:02:25 Warning: DebugKit not enabled. You need to either install pdo_sqlite, or define the "debug_kit" connection name.
2016-05-02 08:04:45 Warning: DebugKit not enabled. You need to either install pdo_sqlite, or define the "debug_kit" connection name.
2016-05-02 08:04:47 Warning: DebugKit not enabled. You need to either install pdo_sqlite, or define the "debug_kit" connection name.
2016-05-02 08:04:47 Error: [Cake\Controller\Exception\MissingActionException] Action UsersController::lgoin() could not be found, or is not accessible.
Exception Attributes: array (
  'controller' => 'UsersController',
  'action' => 'lgoin',
  'prefix' => '',
  'plugin' => NULL,
)
Request URL: /blog/users/lgoin
Referer URL: http://localhost/blog/articles
Stack Trace:
#0 /var/www/html/blog/vendor/cakephp/cakephp/src/Routing/Dispatcher.php(114): Cake\Controller\Controller->invokeAction()
#1 /var/www/html/blog/vendor/cakephp/cakephp/src/Routing/Dispatcher.php(87): Cake\Routing\Dispatcher->_invoke(Object(App\Controller\UsersController))
#2 /var/www/html/blog/webroot/index.php(37): Cake\Routing\Dispatcher->dispatch(Object(Cake\Network\Request), Object(Cake\Network\Response))
#3 {main}


2016-05-02 08:04:51 Warning: DebugKit not enabled. You need to either install pdo_sqlite, or define the "debug_kit" connection name.
2016-05-02 08:07:19 Warning: DebugKit not enabled. You need to either install pdo_sqlite, or define the "debug_kit" connection name.
2016-05-02 08:07:20 Warning: DebugKit not enabled. You need to either install pdo_sqlite, or define the "debug_kit" connection name.
2016-05-02 08:07:20 Warning: DebugKit not enabled. You need to either install pdo_sqlite, or define the "debug_kit" connection name.
2016-05-02 08:07:20 Warning: DebugKit not enabled. You need to either install pdo_sqlite, or define the "debug_kit" connection name.
2016-05-02 08:07:21 Warning: DebugKit not enabled. You need to either install pdo_sqlite, or define the "debug_kit" connection name.
2016-05-02 08:07:25 Warning: DebugKit not enabled. You need to either install pdo_sqlite, or define the "debug_kit" connection name.
2016-05-02 08:07:26 Warning: DebugKit not enabled. You need to either install pdo_sqlite, or define the "debug_kit" connection name.
2016-05-02 08:07:26 Warning: DebugKit not enabled. You need to either install pdo_sqlite, or define the "debug_kit" connection name.
2016-05-02 08:07:30 Warning: DebugKit not enabled. You need to either install pdo_sqlite, or define the "debug_kit" connection name.
2016-05-02 08:07:30 Warning: DebugKit not enabled. You need to either install pdo_sqlite, or define the "debug_kit" connection name.
2016-05-02 08:07:31 Warning: DebugKit not enabled. You need to either install pdo_sqlite, or define the "debug_kit" connection name.
2016-05-02 08:07:32 Warning: DebugKit not enabled. You need to either install pdo_sqlite, or define the "debug_kit" connection name.
2016-05-02 08:07:32 Warning: DebugKit not enabled. You need to either install pdo_sqlite, or define the "debug_kit" connection name.
2016-05-02 08:07:32 Warning: DebugKit not enabled. You need to either install pdo_sqlite, or define the "debug_kit" connection name.
2016-05-02 08:07:32 Warning: DebugKit not enabled. You need to either install pdo_sqlite, or define the "debug_kit" connection name.
2016-05-02 08:07:33 Warning: DebugKit not enabled. You need to either install pdo_sqlite, or define the "debug_kit" connection name.
2016-05-02 08:07:35 Warning: DebugKit not enabled. You need to either install pdo_sqlite, or define the "debug_kit" connection name.
2016-05-02 08:07:35 Warning: DebugKit not enabled. You need to either install pdo_sqlite, or define the "debug_kit" connection name.
2016-05-02 08:07:39 Warning: DebugKit not enabled. You need to either install pdo_sqlite, or define the "debug_kit" connection name.
2016-05-02 08:07:39 Warning: DebugKit not enabled. You need to either install pdo_sqlite, or define the "debug_kit" connection name.
2016-05-02 08:07:39 Warning: DebugKit not enabled. You need to either install pdo_sqlite, or define the "debug_kit" connection name.
2016-05-02 08:07:40 Warning: DebugKit not enabled. You need to either install pdo_sqlite, or define the "debug_kit" connection name.
2016-05-02 08:07:40 Warning: DebugKit not enabled. You need to either install pdo_sqlite, or define the "debug_kit" connection name.
2016-05-02 08:07:42 Warning: DebugKit not enabled. You need to either install pdo_sqlite, or define the "debug_kit" connection name.
2016-05-02 08:07:43 Warning: DebugKit not enabled. You need to either install pdo_sqlite, or define the "debug_kit" connection name.
2016-05-02 08:07:45 Warning: DebugKit not enabled. You need to either install pdo_sqlite, or define the "debug_kit" connection name.
2016-05-02 08:07:45 Warning: DebugKit not enabled. You need to either install pdo_sqlite, or define the "debug_kit" connection name.
2016-05-02 08:07:54 Warning: DebugKit not enabled. You need to either install pdo_sqlite, or define the "debug_kit" connection name.
2016-05-02 08:07:54 Warning: DebugKit not enabled. You need to either install pdo_sqlite, or define the "debug_kit" connection name.
2016-05-02 08:08:28 Warning: DebugKit not enabled. You need to either install pdo_sqlite, or define the "debug_kit" connection name.
2016-05-02 08:08:29 Warning: DebugKit not enabled. You need to either install pdo_sqlite, or define the "debug_kit" connection name.
2016-05-02 08:08:29 Warning: DebugKit not enabled. You need to either install pdo_sqlite, or define the "debug_kit" connection name.
2016-05-02 08:08:31 Warning: DebugKit not enabled. You need to either install pdo_sqlite, or define the "debug_kit" connection name.
2016-05-02 08:08:31 Warning: DebugKit not enabled. You need to either install pdo_sqlite, or define the "debug_kit" connection name.
2016-05-02 08:08:33 Warning: DebugKit not enabled. You need to either install pdo_sqlite, or define the "debug_kit" connection name.
2016-05-02 09:19:36 Warning: DebugKit not enabled. You need to either install pdo_sqlite, or define the "debug_kit" connection name.
2016-05-02 09:35:26 Warning: DebugKit not enabled. You need to either install pdo_sqlite, or define the "debug_kit" connection name.
2016-05-02 09:35:28 Warning: DebugKit not enabled. You need to either install pdo_sqlite, or define the "debug_kit" connection name.
2016-05-02 09:35:32 Warning: DebugKit not enabled. You need to either install pdo_sqlite, or define the "debug_kit" connection name.
2016-05-02 09:35:32 Warning: DebugKit not enabled. You need to either install pdo_sqlite, or define the "debug_kit" connection name.
2016-05-02 09:35:36 Warning: DebugKit not enabled. You need to either install pdo_sqlite, or define the "debug_kit" connection name.
2016-05-02 09:35:38 Warning: DebugKit not enabled. You need to either install pdo_sqlite, or define the "debug_kit" connection name.
2016-05-02 09:35:39 Warning: DebugKit not enabled. You need to either install pdo_sqlite, or define the "debug_kit" connection name.
2016-05-02 09:35:40 Warning: DebugKit not enabled. You need to either install pdo_sqlite, or define the "debug_kit" connection name.
2016-05-02 09:35:42 Warning: DebugKit not enabled. You need to either install pdo_sqlite, or define the "debug_kit" connection name.
2016-05-02 09:35:43 Warning: DebugKit not enabled. You need to either install pdo_sqlite, or define the "debug_kit" connection name.
2016-05-02 09:35:44 Warning: DebugKit not enabled. You need to either install pdo_sqlite, or define the "debug_kit" connection name.
2016-05-02 09:35:44 Warning: DebugKit not enabled. You need to either install pdo_sqlite, or define the "debug_kit" connection name.
2016-05-02 09:35:45 Warning: DebugKit not enabled. You need to either install pdo_sqlite, or define the "debug_kit" connection name.
2016-05-02 09:35:45 Warning: DebugKit not enabled. You need to either install pdo_sqlite, or define the "debug_kit" connection name.
2016-05-02 09:35:45 Warning: DebugKit not enabled. You need to either install pdo_sqlite, or define the "debug_kit" connection name.
2016-05-02 09:35:45 Warning: DebugKit not enabled. You need to either install pdo_sqlite, or define the "debug_kit" connection name.
2016-05-02 09:35:45 Warning: DebugKit not enabled. You need to either install pdo_sqlite, or define the "debug_kit" connection name.
2016-05-02 09:35:46 Warning: DebugKit not enabled. You need to either install pdo_sqlite, or define the "debug_kit" connection name.
2016-05-02 09:35:47 Warning: DebugKit not enabled. You need to either install pdo_sqlite, or define the "debug_kit" connection name.
2016-05-02 09:35:47 Warning: DebugKit not enabled. You need to either install pdo_sqlite, or define the "debug_kit" connection name.
2016-05-02 09:35:47 Warning: DebugKit not enabled. You need to either install pdo_sqlite, or define the "debug_kit" connection name.
2016-05-02 09:35:49 Warning: DebugKit not enabled. You need to either install pdo_sqlite, or define the "debug_kit" connection name.
2016-05-02 09:35:50 Warning: DebugKit not enabled. You need to either install pdo_sqlite, or define the "debug_kit" connection name.
2016-05-02 09:38:38 Warning: DebugKit not enabled. You need to either install pdo_sqlite, or define the "debug_kit" connection name.
2016-05-02 09:38:42 Warning: DebugKit not enabled. You need to either install pdo_sqlite, or define the "debug_kit" connection name.
2016-05-02 09:38:43 Warning: DebugKit not enabled. You need to either install pdo_sqlite, or define the "debug_kit" connection name.
2016-05-02 09:38:44 Warning: DebugKit not enabled. You need to either install pdo_sqlite, or define the "debug_kit" connection name.
2016-05-02 09:38:52 Warning: DebugKit not enabled. You need to either install pdo_sqlite, or define the "debug_kit" connection name.
2016-05-02 09:38:52 Warning: DebugKit not enabled. You need to either install pdo_sqlite, or define the "debug_kit" connection name.
2016-05-02 09:38:57 Warning: DebugKit not enabled. You need to either install pdo_sqlite, or define the "debug_kit" connection name.
2016-05-02 09:38:57 Warning: DebugKit not enabled. You need to either install pdo_sqlite, or define the "debug_kit" connection name.
2016-05-02 09:38:57 Warning: DebugKit not enabled. You need to either install pdo_sqlite, or define the "debug_kit" connection name.
2016-05-02 09:38:57 Warning: DebugKit not enabled. You need to either install pdo_sqlite, or define the "debug_kit" connection name.
2016-05-02 09:38:57 Warning: DebugKit not enabled. You need to either install pdo_sqlite, or define the "debug_kit" connection name.
2016-05-02 09:38:57 Warning: DebugKit not enabled. You need to either install pdo_sqlite, or define the "debug_kit" connection name.
2016-05-02 09:38:57 Warning: DebugKit not enabled. You need to either install pdo_sqlite, or define the "debug_kit" connection name.
2016-05-02 09:38:57 Warning: DebugKit not enabled. You need to either install pdo_sqlite, or define the "debug_kit" connection name.
2016-05-02 09:38:57 Warning: DebugKit not enabled. You need to either install pdo_sqlite, or define the "debug_kit" connection name.
2016-05-02 09:38:57 Warning: DebugKit not enabled. You need to either install pdo_sqlite, or define the "debug_kit" connection name.
2016-05-02 09:38:58 Warning: DebugKit not enabled. You need to either install pdo_sqlite, or define the "debug_kit" connection name.
2016-05-02 09:38:58 Warning: DebugKit not enabled. You need to either install pdo_sqlite, or define the "debug_kit" connection name.
2016-05-02 09:39:02 Warning: DebugKit not enabled. You need to either install pdo_sqlite, or define the "debug_kit" connection name.
